500
0 583 847 1336 2497 2687 3311 3857 4224 4306 4901 4909 5715 6054 7736 7949 8861 9935
1 468 1881 1937 2981 3672 3783 4032 4591 5649 6444 7134 7732 7755 7885 8994 9244
2 838 1668 3336 4182 5280 6563 7112 7453 8357 8605 8785
3 79 493 524 760 915 1063 2175 3573 4172 5601 6713 8125 9312
4 52 321 1942 3262 3586 3720 4328 5024 5426 5520 8469 8786 9676
5 476 1348 1611 1740 2638 3152 3681 4081 5639 5884 6172 6554 6641 7904 8822 9235 9321
6 2 428 513 652 1683 2512 2987 3086 4505 4664 5386 6793 7430 8353 9040 9133 9968
7 832 833 2160 2730 3308 4867 5429 5556 6299 6467 6470 7859 8453 9453
8 1940 2054 2258 3739 3895 4352 4563 5287 5708 6218 7216 7228
9 828 1052 1231 1634 1889 2431 3330 3894 4959 5391 5898 6433 7087 8136 8170 8387 8493 8882 9211 9598
10 1893 2228 2240 2468 2658 2979 3653 4728 5416 5869 6501 7116 7500 8067 8815 9823
11 955 1824 1850 2272 3376 3715 4007 4126 4247 6656 7009 8164 8319 8671 9224 9315
12 966 1020 1105 2201 2308 3683 4777 4939 5044 5248 5495 6181 6718 6762 7922 8143 8406
13 88 132 259 1712 2078 3156 3490 3894 5115 5962 7545 8467 8542 9034 9371
14 1000 1841 2777 3227 3388 3536 5055 5609 6608 6675 7438 7543 8140 8260
15 218 720 1212 1565 3023 3745 4051 4546 4612 4736 5382 5693 6269 6560 9615 9640
16 354 493 876 970 2611 2696 4242 4684 4988 5509 6311 6524 8021 8063 8770 9188
17 728 1762 1909 2033 2275 2426 2628 5073 5285 5301 5534 5710 6920
18 421 718 744 794 1668 2879 3721 4846 5549 6101 6338 8462 9007 9340 9601 9831
19 79 1394 2727 4284 4961 5744 5749 6385 6611 8483 8967 9075 9481 9732
20 98 1325 1777 3865 4892 5151 5762 6594 6878 7429 7744 9316 9763
21 444 1668 3370 3513 4140 5220 5462 7155 7357 8363 8424 8440 9132 9354 9968
22 571 657 842 979 1093 1118 2595 2962 3373 5407 5592 5738 6011 6023 6626
23 1437 2730 2791 3005 3807 4209 4550 4635 5389 5839 6938 7734 9023 9691
24 1636 2003 3133 3758 3936 4461 6646 6831 8682 8781 9063
25 372 533 1417 1562 2799 3936 6645 7343 7510 8785 9014
26 321 915 1345 1865 4324 7040 7527 8786 8960 9300 9484 9710
27 287 304 368 2617 2643 2785 3217 3980 4500 5295 5907 6452 9385
28 210 329 333 1259 1327 2672 3299 3358 4029 4214 5683 9473
29 322 1834 2020 2240 3379 5941 6613 6879 8002 8310 8577 8897
30 79 906 1416 2217 4448 4490 4549 5812 5964 6642 9192
31 442 1075 3111 3794 3854 4542 5271 6222 7642 8792
32 30 300 676 1279 1668 2882 3661 3961 5537 5769 7393 8004 8714 8837 9522
33 63 1348 1571 3648 3702 4493 5308 6003 6312 6547 6613 6936 7325 8817
34 29 1907 2342 2671 3353 4685 5210 5301 5676 6003 7147 9139 9244
35 66 1556 1678 2123 2670 2936 3074 3842 4083 5743 6137 8052 8914 9459
36 935 1004 1479 2444 3015 3506 3977 4580 5508 5886 7013 7435 7499 7659 8387 8510
37 6 601 682 1262 2031 3252 3460 4855 5410 5715 5877 6131 6547 7213 7452 9443
38 117 427 1276 1529 2129 2245 2780 4676 5621 6320 6447 7049 7721 8797
39 1774 2338 4055 5036 5929 6227 6964 7174 8224 8610 9522
40 1554 1789 2428 2701 2870 3657 3951 5157 5384 6938 7609 8471 9526
41 139 734 1650 1696 1982 3427 3494 6267 6903 7798 8363 8632 8753 8943 8990
42 205 918 2240 3277 4230 4540 5023 6411 7285 7743 8125 8828 8999 9245
43 222 1201 1299 1548 4222 4521 5234 6101 6339 6544 7986 8306 9273 9924 9968
44 96 741 1168 1977 3350 4901 5826 6698 7105 8804 9840 9923 9968
45 321 450 2047 3249 3926 4777 5193 5554 5617 5867 6547 6918 7741 8460 8878 9067
46 1177 1230 1323 1617 2560 2607 3824 4372 8020 8346 8481 9244 9301
47 395 1276 1343 2559 3084 3147 3847 6327 6523 6764 6928 7498 7927 9785
48 151 350 858 1047 3373 3523 4561 7652 7701 7713 9468 9622
49 336 1027 3745 3758 3856 5125 6412 6414 6691 7254 7464 7938 9079 9317
50 490 2941 5005 5158 6063 6101 6506 6851 8479 8750 9569
51 773 1044 1064 1703 2017 4292 4737 5466 6270 6653 6676 6810 8134 8645
52 2746 3542 5186 5332 6903 7651 8264 8475 8789 9414 9534 9848
53 62 550 643 1495 2202 2953 3982 4310 5045 7504 7675 7720 9237 9422 9654
54 391 670 2340 2765 2865 3596 4158 4177 6109 6147 6613 7389
55 768 3894 4192 4363 5447 6395 7943 7992 8916 9846
56 448 732 2243 2458 2896 3005 3551 3581 7129 7699 8768 9312
57 732 2369 2722 2962 3533 4484 5750 6579 7880 8837 8960 9634
58 182 1164 2551 4896 5449 6619 7531 7709 8045 8749 9094 9232
59 353 1202 1962 2621 3123 4195 4939 5390 5690 6414 7078 8689 9007 9640
60 316 1451 1777 1976 3012 3302 3713 4073 6503 8392
61 608 686 935 1648 2421 2486 2958 3643 4380 5154 5292 6899 8267 9196 9478
62 457 765 2157 3123 4121 4522 5860 6426 7413 7828 7925 9047
63 65 66 574 2121 3153 3510 5054 5317 6933 7073 8298 9841 9890 9926
64 28 935 1175 2070 2476 2492 4462 5121 7808 9072 9204
65 7 578 923 1091 2887 3820 3837 4428 4518 4861 5715 5846 6670 7762 9476 9632
66 2 4005 4038 4859 5519 5787 6020 6062 8164 8595 8667 9333
67 155 935 4048 4564 4579 5474 5773 5881 6502 7301 7498 8040 8140 9159 9619
68 2699 2744 3195 3506 3593 3692 4402 6612 7197 7549 7796 8366 8976
69 1666 2240 2991 3676 5141 5669 6805 7841 7967 7968 9996
70 627 1519 4808 5174 5804 6377 6601 7762 7940 8259 8765
71 2868 3526 5155 5895 6374 6546 6794 7883 7893 8033 8040 8198 8413
72 1036 1737 2426 3946 4090 5140 5574 6516 7181 8717 9291
73 54 828 3319 3336 4214 4449 5862 5933 6033 6592 7153 7220 8705 9393 9403
74 78 639 1763 1813 2240 4000 4292 5621 5832 7447 8472 8722 8966
75 1098 1195 2240 4207 5538 5776 6723 7484 7624 8567 9953
76 529 792 1681 2335 2433 2551 2555 3174 4893 6449 6961 7142 8349 9132 9534 9862
77 96 597 2240 2420 3521 4087 5351 5905 6318 6502 6800 8196 9327 9681
78 602 944 1097 1761 2165 2783 3630 5048 5303 6134 6165 6269 7193 7480 8346 8440 9527
79 120 270 1159 1668 2335 2439 2553 2981 3447 5539 6240 7346 9265 9311 9765
80 259 379 2123 2195 2531 2663 3712 5179 5766 6388 6848 7447
81 2 601 638 916 1037 1369 2118 5441 6245 7125 8387 8400 8866 9163
82 1432 1743 2240 3235 3417 3418 4066 4561 5216 5351 5831 6732 7240 7597 9383
83 472 1197 2555 3001 4240 4386 5448 5847 5856 7275 9129 9686
84 934 3702 4208 4941 5517 5716 5762 5950 6391 6394 7251 7837 8042 8239 9485
85 42 482 1078 3473 4170 4345 6002 6115 6289 6572 9301
86 79 2472 3247 4326 5835 6164 6376 7650 8989 9082 9187 9283
87 154 667 668 1815 2586 2962 4622 5127 5492 5825 6267 7559 7938
88 2 1522 1682 1850 2444 2676 4268 5390 5402 5451 6371 6831 7396 8881 9254 9674 9876
89 2879 4553 4592 4681 4920 6602 6905 7903 8008 8493 9270
90 745 766 2102 2184 2574 2781 3056 3171 3811 4194 6880 7741 9086 9954
91 696 2275 2635 4102 4511 4726 6007 6622 6863 7567 7641 7652 8372 9133 9162
92 427 740 2096 4008 4850 5070 5126 6656 6829 8664 9177
93 731 1111 2494 2828 3206 3982 4749 5395 8473 9184 9236 9935
94 79 538 1447 1461 2896 3005 3044 4298 5442 6101 7684 7739 9206 9438 9856
95 3 699 757 2252 2962 3458 3766 4134 4888 4954 5016 5917 7263 9762
96 218 379 780 2935 3795 4480 5548 6865 7076 7316 8281 9705
97 364 1546 1604 2509 3670 4260 6523 7413 8421 8852 9194 9284 9430 9977
98 2977 3121 3301 3584 5393 5738 6102 6734 6875 7442 7991 8703 9271 9636
99 1299 1711 1998 3700 4085 4635 4793 7131 7143 7233 7489 7574 7712 9007 9528
100 13 1801 1973 3647 3999 5940 6601 6739 7329 8134 8434
101 998 1676 2218 4086 4377 4478 5006 5177 5888 6145 6258 7059 7389 9095 9968
102 706 935 3740 4277 5404 5456 6602 7246 7261 7629 8431 8861
103 2 1113 2695 2765 2787 4624 4703 5679 5803 7255 7552
104 1 1146 1222 1402 1603 2017 2240 5770 6095 7344 9152 9423 9932
105 299 550 806 1508 1773 2254 3008 3887 9280 9633 9689 9745 9953
106 461 911 1145 1625 1710 3667 6103 6854 7591 8444 9954
107 141 1140 1194 1435 2555 2608 5122 6530 6846 7074 7405 7787 8887 9857
108 97 520 1120 2119 3193 3964 3985 4004 5117 7955 8257 8590 9510
109 2962 3334 3522 4176 5952 6267 6443 7351 7949 8030 8240 8773 9384
110 1467 1725 3100 3554 3988 8096 8342 9007 9018 9284
111 2770 4054 4102 4933 6120 6337 7357 7610 8274 8459 8722
112 2 4318 5089 5427 6834 6926 7157 7225 8462 8618 9700
113 949 2706 2962 4018 4376 5330 5880 5917 6189 7086 7144 8130 8443 9019
114 569 2222 3049 3227 3417 4066 4369 5794 5943 5972 7238 8278 8546
115 763 1087 1102 2128 3725 4644 5234 6165 9366 9829
116 1201 1697 2121 2519 2984 3493 3812 4093 5703 5963 6044 7358 8670 9481
117 609 1040 1052 2759 3163 3666 4253 4366 5296 5715 6987 7295 7355 8863
118 745 1159 2693 2931 3747 4784 4837 7213 8416 9103 9340 9388 9500
119 489 1083 1924 2588 2870 4133 4418 5962 7852 7887 8192 8982 9172 9353 9726
120 159 305 2391 3059 3624 3993 4991 5500 5819 6915 7314 7688 9834
121 2622 3132 3338 3637 3971 4695 6378 7355 8209 9011 9997
122 619 650 1085 1686 2643 3333 3667 4144 6122 6909 8064 8831 8998 9209
123 1368 1749 4191 5111 5408 5504 6800 7262 8208 8292 8434 8532 8931 8994 9997
124 155 272 321 1153 1466 2463 3074 3344 3419 4122 5161 5350 7968 8736 9156
125 63 936 3274 3625 3746 6382 7120 7974 8903 9351
126 1482 2878 3399 3518 4335 5159 6167 6168 6538 6681
127 358 745 2970 4186 4580 5565 6227 6967 7122 8276 8507 8846 8996
128 259 847 1978 2030 2939 3736 4310 4625 4699 5855 6545 7072 7487 8270 8413 9031 9362 9871 9945
129 739 1576 1668 1731 2282 3730 4790 5376 5547 6221 7066 9592
130 79 172 417 844 1688 2839 3391 3463 5412 6066 7014 7087 7777 9659
131 978 2457 2713 3128 4602 5705 5869 7280 7463 7582 8780 8945 9675
132 62 2153 3440 3891 4941 6168 6818 7951 8652 8994 9179
133 2109 4194 4218 4607 4735 5896 6040 6186 6665 7749 7775 8502 8992
134 412 545 2036 3053 3594 4100 5631 5715 5936 6419 6434 6734 7235 8457 9621
135 460 3579 3994 4417 4855 5966 7714 8552 9241 9455 9686
136 209 926 1134 1200 2521 5319 5720 6260 6613 6668 8729
137 625 759 1038 2289 3660 4143 4314 6145 6587 7278 7367 7786 7792 8350 9111
138 625 950 961 1796 2032 3694 3797 3830 4032 4369 5715 6436 7036 7715 7840
139 961 1344 1534 2183 2614 4732 4752 5595 5961 6009 8898 9867
140 191 673 1398 1569 3471 4443 6983 8040 8186 9196 9259
141 608 1860 2085 2086 2938 3537 5458 5754 5902 6804 8393 8523 8782 8994 9169 9436 9887
142 1235 1698 2265 3051 3669 4086 4456 4611 4678 5085 7621 7742 7949 8683 8856
143 151 378 2850 5089 5899 6070 8081 8362 8390 9142 9144 9296 9880 9930
144 364 482 2724 3362 3410 4725 5257 5762 7276 7332 7845 8170 8714
145 79 553 871 1536 2999 5736 6469 6861 7383 7655 7790 8216 8272
146 1189 1859 2718 2902 3074 5388 5584 5654 7758 8542 8992 9725
147 148 426 605 1973 2402 3494 4264 5209 7431 7933 9218 9695
148 182 1407 3167 3524 3685 3716 3828 3936 4764 4780 5383 7055 7862 8505
149 312 424 438 1107 1232 1852 3584 3982 4039 4966 5196 7562 9192 9988
150 826 2741 3909 4274 4465 5755 6442 7127 8080 9930 9941
151 865 950 1359 1682 4445 4564 4589 6101 6104 8804 8860 8977
152 1191 2002 2155 2297 2711 3451 3765 4996 7333 7557 7604 8090 9244 9686
153 338 391 600 857 1031 2300 3033 4015 4486 5715 6712 7440 8302
154 2881 2904 3005 3204 3394 3403 3637 6686 7153 8866 9009 9458 9565
155 359 580 1008 1339 2681 3602 3614 4828 8136 8559 8972 9039
156 2 1571 3153 3341 3379 4139 4721 6282 6530 6826 6834 8279 8918 9606
157 151 427 773 2308 3118 5743 6149 7540 8655 8781 9483 9566 9722
158 321 1081 2215 3340 4880 4902 5738 5748 6201 6303 6510 6809 7234 7318 8895
159 389 1425 2228 2436 3956 4452 5017 5439 7861 7967 8125
160 366 2092 2280 2614 2795 3664 3837 5155 5310 6416 6541 8685 9398 9569 9640
161 172 215 3298 3977 5388 6242 6593 7322 9717
162 215 336 884 958 2703 3206 4893 5268 7768 8005 8636 9159
163 543 1682 2192 2521 3378 4279 6042 8005 9153 9401 9803
164 402 1281 1443 2882 3024 4575 4671 4744 5219 5355 6558 7153 7344 9345 9605
165 1019 1420 1588 3012 3590 4648 5166 5754 6117 7088 7264 7314 9604 9912
166 142 699 734 1611 1830 1989 2124 2417 4326 7126 7383 8637 9364
167 530 917 1664 1884 2437 3310 3961 5137 6547 9022 9295 9864
168 506 1195 2477 2795 2977 3119 3257 4594 6054 9902
169 374 578 699 1511 2437 2654 3151 3716 3823 4432 5307 5360 6859 7000 9007
170 29 114 728 890 1058 2517 2747 3626 4326 5403 9612
171 199 786 2069 2121 4025 5033 5953 6742 7213 7547 7659 8203 8528 8547 9572
172 641 1792 1988 2240 3471 3702 4273 5412 6521 6731 8389
173 246 440 2107 3085 4408 5551 5734 6260 6467 7472 9423
174 396 1347 1792 3225 5196 7224 7723 7903 8055 8882
175 1127 1560 4074 4620 5138 5398 6979 7299 8425 9141 9270 9382
176 286 702 1239 2121 2819 3114 3126 3203 6533 7569 7927
177 592 924 2549 2835 3936 6404 7979 8016 8739 9459 9543
178 79 381 1313 1978 2213 2533 3313 5553 6148 6381 7672 7903 8766 9449
179 971 1652 2464 2575 3034 5507 5704 5914 6266 6677 6882 9747 9931
180 1305 1340 2240 2367 3923 4694 5468 5779 6705 7719 8043 8916 9782
181 666 685 1019 1759 4818 5047 6739 7880 8016 9315 9949
182 656 1921 2155 2401 2962 3053 3544 4800 6440 7328 7762 8476 8958 9025 9066 9351
183 792 1202 2724 3401 3596 4095 4341 6011 6764 6881 7153 7677 8006 8172
184 19 871 1007 1047 2962 3460 3836 4158 5908 6130 6179 7914 9115
185 2 396 1442 1956 3041 3658 4721 4934 5557 6046 6494 6956 7949
186 1383 1682 1834 2030 2044 2191 2616 3291 3847 3991 6992 8130 8355 8402 9216 9576
187 815 1164 1978 3027 3498 3911 4521 5188 6072 6170 8480 8626 9640
188 3004 3347 4771 5207 5339 6902 6963 7190 7311 7949 9122 9172 9628
189 123 321 1902 2986 3431 3714 4976 5016 5885 7043 7840 7980 9301
190 921 1409 2314 2490 2806 3784 5176 5515 5528 6037 6691 6810 9130
191 719 3072 4644 4655 4660 4776 4806 4925 5963 7050 8125 8155 9446
192 765 1353 1577 1898 2290 3662 4225 4975 5277 6084 6144 7311 8307 8432 9565
193 1838 2472 2505 2962 4377 4734 5251 5291 5603 7241 7451 8756 9848
194 340 3074 3604 4345 4702 6713 7654 7676 8241 9216 9264 9310
195 2 670 726 2621 3188 3340 4985 5272 5500 5667 6036 6103 7591 9866
196 1111 1276 3368 4045 4388 4592 4908 4987 5247 6750 6818 9379
197 578 1049 2039 2962 3103 3936 4908 5296 5306 5988 6367 7169 9779
198 1571 1834 2301 2702 2826 4199 4532 4923 5030 5169 6241 7810 7955
199 1477 2458 3074 3743 3749 3855 4107 5343 6229 6258 6529 7198 7734 8746
200 79 724 1239 1353 2555 4837 4980 5176 6287 7380 7485 8042
201 151 247 754 935 992 1032 1055 1929 2240 2264 5503 6468 6826 7071 7099 9292 9604
202 496 1233 1275 4239 6319 7816 8301 9266 9585 9876
203 397 1845 2263 2418 3567 6192 6617 7360 7804 7836 8132 8423 8580 8791 9764
204 236 268 773 2245 4731 4996 5428 6021 6267 6720 7038
205 52 1299 1439 2272 2330 3440 4650 6611 7487 8762 9409 9758
206 233 526 2392 3022 3535 3643 3783 3936 4055 4715 4763 6077 7484 7984 9741 9768
207 215 287 321 1220 1769 2220 2844 3673 5228 6257 6500 6532 7237 8715 9645 9745
208 287 2838 3789 3894 4505 5326 5478 5868 6691 7000 7248 7482 7496 8464 9487
209 1279 1450 1670 2964 2998 3456 5592 5715 6901 7537 8033 8444 8994
210 799 2109 2722 3886 5737 5748 6152 6695 6941 7514 7546 9126
211 267 571 2240 4229 4861 6724 6845 7317 7549 8846 8978
212 427 1444 1917 1963 2745 3175 3540 3764 4971 5462 8165 8717 8907 8908 9895
213 246 1467 1533 1941 2836 6675 7997 8057 8234 9033 9127 9231
214 483 1668 1883 2206 2353 2973 3086 6635 7388 9584 9941
215 207 745 1396 1752 1796 2787 2846 2952 3012 4579 4809 5072 5295 5493 8810 9336 9393 9826
216 306 1182 2203 2370 2461 4035 4805 4929 6698 7800 8586 8817
217 321 646 1502 1708 1817 3104 3677 3747 4880 5536 5798 6370 6786 7688 9359 9683 9990
218 321 563 947 1271 1498 2589 2680 3597 4649 6234 7633 8943 9675 9874
219 72 111 429 1531 2545 3804 4541 4586 4607 5634 5715 6551 7874 8350 9526
220 41 457 844 1412 2188 2476 3749 4936 7923
221 536 1280 2288 2559 2726 3153 3269 3442 4123 5860 7611 8116 8382
222 20 140 463 3026 6451 6534 6597 7937 8176 8457 9162 9508
223 317 1668 1900 2279 4292 4588 4667 5642 6020 7311 9074
224 718 1323 1884 1946 2105 2129 6190 6441 6700 8299 8618 9833
225 1028 4420 4787 4924 5335 5705 6324 6457 6752 6916 8463 8502 9301 9887
226 79 1760 2425 3398 3665 4394 4751 5666 6062 6491 7880 7967 8052
227 221 550 844 1192 3236 5479 6448 6586 7296 8001 8657 9218 9475 9579
228 469 2256 3453 3465 6145 6493 7253 8125 8951 9216 9438 9634 9690 9731
229 1694 2028 2240 2957 3644 4315 4923 5308 6489 7582 8056 9859
230 79 153 505 895 1156 1881 2518 3329 6074 7030 8151 8619 9379
231 372 1010 1581 2390 2761 2844 3817 4104 4849 6327 6362 7560 8222 8357 9707
232 544 1828 2484 2828 3341 5342 6061 6211 7327 7709 9040 9207
233 186 810 1465 2598 2663 2711 2962 3216 3624 5504 5676 7170 7743 7883 8893 9461
234 1402 1537 3841 4197 5797 6672 7060 7353 7381 7821 7883 7885 8085 9005 9217 9777
235 235 2697 2875 4221 5715 6193 6412 6771 8038 8568 8772 8930 9472
236 650 1059 1230 1316 2272 2778 3099 5852 6366 9850
237 429 453 1340 2322 3541 4008 4548 5748 5830 7162 7282 7635
238 987 1875 2007 2240 3597 3676 3926 4071 4314 4875 5780 7215 7313 7792 9052
239 79 451 1597 2485 2872 3492 3562 3656 3720 4444 4475 5326 6063 6385 6488 7372 8949
240 1383 2586 3561 4731 5008 5346 5736 6547 7155 7286 7543 9608
241 731 1146 1766 1916 2135 2962 3534 4760 6886 6996 8090 8543 9491
242 348 794 865 2603 3264 3417 4312 5454 5944 6482 9223 9533 9859
243 259 1134 1616 1708 3227 5339 6253 6260 6543 6573 7314 7833 9415 9516
244 71 1084 1979 3555 4168 4897 6940 7225 8642 8969 9238 9287 9887
245 478 1757 2099 2943 5359 6231 6460 6827 7351 7450 7814 8119 8681 8798 9401 9838
246 494 1301 2498 3691 4769 5022 6078 6778 7699 8442 8942 9456
247 321 2305 2363 2973 3746 4251 5097 6327 7248 7675 7734 9436
248 1072 1364 1440 1669 1977 2969 3631 3998 7185 7699 8616 9962
249 1665 1957 2979 4140 4721 5494 6465 6534 7788 8196 8309 8393 9693 9898 9906
250 569 611 2124 4667 4751 4873 5439 5995 6071 6731 7137 7968 8740 9704
251 891 1409 1844 3036 3037 5341 5588 6937 6982 7232 7762 8966
252 552 1497 1932 1950 2376 2732 3715 4045 4090 4269 5445 5466 7397 8125 8824 9396 9827
253 1746 2256 3052 3894 6226 6548 8011 8021 8330 8654 8879 9522
254 276 518 616 1678 4819 4903 5804 6750 6840 7306 8289 9389 9433 9507 9842
255 366 1116 1252 1319 1901 2817 2868 3410 4804 5075 6025 6938 8141 9671 9674
256 2295 2687 3415 4100 4630 5956 6425 7885 8291 8520 9215
257 1708 2396 2785 2963 3149 3180 4421 4429 4866 4909 4966 4985 6351 6575 6903 7078
258 2845 5423 5560 5792 5943 6208 6584 6802 7255 7365 7848 8113 8728
259 155 436 469 2379 3208 3516 4747 5114 8506 8790 9041 9576
260 148 257 2962 3249 3703 4196 5525 5926 6026 6133 6692 7232 9030 9711 9737
261 896 1435 2352 3385 3524 4433 4965 4969 5304 5905 6457 9188 9545
262 321 1582 2781 4453 4597 4798 5617 6240 6718 6748 6829 7754 8052 8652 8997
263 178 560 675 3182 3350 4129 5499 6002 7196 7883 9204
264 212 227 403 2120 3330 3759 3836 3841 5727 7290 7702 8390 8600 9986
265 455 696 1604 2892 3543 3860 4112 5387 5422 5513 6623 6953 8142 9303
266 653 758 1766 4188 5107 5904 6258 6357 7368 8296 9716
267 435 593 899 3521 4148 4562 8263 8354 8594 8738 9413
268 1693 2225 2240 2950 3770 4928 5102 7012 7322 8786
269 187 493 2365 3341 3573 4575 4938 4941 6262 6351 6406 7329 7429
270 294 797 876 3548 3794 4774 4823 6547 8029 8041 8294 9181 9641
271 691 935 1961 2389 2572 2962 3405 4715 4721 4985 7628 7698 8228 9176 9400 9758 9805
272 843 1769 2962 4174 4384 5649 5932 5962 6776 7828 9161 9341
273 79 1718 2309 3012 3745 3981 4168 4743 5371 6527 7033 7489 7789 8163 9293
274 481 2197 3156 3751 4031 4769 5887 7711 8635 9076 9199 9667
275 799 2666 3167 4086 4498 4515 6614 6999 7699 8200 9422 9492
276 177 3285 3620 3729 4507 4565 5170 5522 5920 6054 6070 6079 7563 9675
277 419 1364 1564 1590 2423 2595 2962 3476 3966 4575 5950 6840 8741 9466 9848
278 197 481 1092 1496 2241 2962 5573 7697 8389 9960
279 115 2867 3050 3879 4163 5718 6318 6516 7174 8549
280 1289 1303 1534 3405 3749 5380 5852 5859 5886 7879 9676
281 632 1299 1837 3037 3958 4138 5145 6786 7377 8728 8757 9302 9677
282 1971 2771 2915 3454 5119 5456 5691 7000 7364 7536 8040 8081 8744 8854 9570
283 708 1557 1626 2240 2599 3320 3514 3540 4028 4746 5276 7114 7134
284 182 1467 2598 2642 2643 2857 2936 3634 4674 5775 7465 7779 8260 8275 8780
285 79 393 1307 2565 3995 4315 4567 4792 4947 6095 6451 8158 9194
286 321 541 578 1474 1954 4187 4382 6030 6347 8045 8949 9053
287 113 1361 1967 3021 3537 4564 4587 4963 6060 6178 7296 8678 8906 9521
288 924 969 1895 2846 4851 6538 7459 8099 9180 9233 9402
289 712 1069 3543 4538 4654 5827 6623 6798 7966 8769 8862 9926
290 2137 3629 4800 6101 6119 6865 7191 7271 7683 7740 7755 8143 8175 8841 9930 9989
291 871 987 1694 2219 3388 4119 5261 5715 6220 7026 8581 8676 9930
292 1954 2135 5041 5191 5840 6913 8383 8410 8899 8918 9857
293 321 715 1050 1389 2032 2288 2860 3944 5168 5678 5892 6371 6746 8518
294 919 1322 1495 2962 2977 3885 5208 5880 6138 6295 7111 7252 8801
295 1120 3169 3830 4054 5461 5598 5800 7037 7339 7907 8159 9073
296 79 926 1022 1666 2070 4937 4974 5244 6823 7753 8045 8716 8939
297 510 757 1629 2197 2617 2646 3324 5340 6883 6899 9680
298 176 341 845 1038 3112 5277 5777 6865 7741 7949 9023 9521 9537
299 844 1198 1521 2120 3082 3982 5729 7431 7663 8788 9153 9834
300 1150 1256 2235 2453 3421 5816 6552 6891 8775 9408 9595 9617 9968
301 321 1127 2340 4366 4511 4720 5210 5341 5499 5907 6907 9967
302 2294 2996 4040 4444 4818 4920 5035 6522 6621 8132 9758 9788 9968
303 2723 3135 3245 4275 4604 4814 4821 4842 5412 6067 6413 6913 7708 8440 9217
304 1105 2465 3307 3641 4086 4127 4141 4260 4522 5038 5521 5965 6766 7123 8744 8990 9347
305 1028 1626 3076 3376 7118 8163 8874 9002 9067 9953
306 353 1449 1690 1793 2842 2881 4026 4199 4437 6974 7649 7719 7835
307 450 1639 2655 3937 4023 4890 5030 6480 7340 7469 8430 9395
308 79 2297 2896 3288 4038 5392 5631 6188 7510 8145 8375 9741
309 2003 2643 2784 3414 4533 4610 5293 5405 5572 5728 6492 8394 8516 8681 8918 9153 9903
310 2 637 810 1071 1601 1692 3863 4173 4378 7043 7648 7680 8517
311 565 835 905 1039 1375 3274 4484 5194 5608 7575 8247 8743 9094
312 910 1122 1571 2018 2157 3275 3279 3565 5535 6164 9781
313 908 1122 2408 3151 3396 4727 5052 5437 6147 7047 8366 9920
314 662 776 1800 2515 2544 3936 4613 6223 6884 7753 7909 8260 8622 9148
315 77 550 669 3613 4556 4797 6456 6573 7231 7950 8005 9526
316 226 760 989 1276 1542 2806 2895 3125 3743 4132 5715 5796 6382 7194 8373 8710 8711 9347
317 761 2695 2925 3697 4314 4364 5150 6647 6863 7062 7269 7927 8147
318 688 1394 2586 2593 2998 3359 5592 6459 7549 7650 8140
319 121 324 641 779 2844 3468 4917 4935 5810 6030 6186 6993 7659 9181 9638
320 140 1892 2111 2202 2754 3018 3592 4985 5547 5961 6202 8467
321 542 935 1382 3320 4137 4758 4971 6709 7368 8560 8573 9483 9723
322 119 349 1075 2072 2981 3631 4253 4326 5986 7154 7228 8268 8361 8439 9102
323 1331 4173 4782 6809 6962 7342 7668 7863 8128 8134 8936 9085 9362
324 88 301 1012 2744 2867 2956 3584 3899 3982 4862 6549 7724 8544
325 926 1180 2213 4388 5728 7242 8091 8387 8599 9170
326 964 1453 2494 3266 4176 4259 6052 6380 7633 7879 8146 9090
327 486 741 1117 1920 3859 4289 5327 5630 8185 9278 9797
328 321 852 981 1896 2125 2869 3549 4917 5785 6258 6272 6712 6940 7091 8531
329 321 1691 1802 2015 3382 3897 4565 5224 5700 8335 8751 9301 9322
330 158 1525 1569 1745 2116 2973 5161 6362 6467 6710 7556 8215 9391 9487
331 173 638 1697 1948 2152 2487 3243 3754 5715 6533 7240 7724 8592
332 335 1331 2858 3536 5953 6872 6958 7501 9303
333 100 1400 2229 2240 2822 3267 4340 4729 5195 5467 5968 8427 9280
334 1202 2942 4147 6242 7784 8926 9008 9036 9527 9851
335 321 400 2239 2326 3949 4161 4300 5047 5664 5702 5962 6053 7224 7922 7992 8468 9275
336 48 871 2454 2528 3185 5307 6518 6628 7685 9094 9194
337 2113 2785 3543 3744 3909 4440 4504 5546 6610 6849 7531 8964 8997 9245
338 1102 1529 2152 2946 3189 3456 3835 4087 4866 7430 7703 7732
339 23 2023 2272 2624 2699 5321 5761 6771 6872 8152 9611
340 1283 2059 2160 2210 4222 6446 7804 8034 8233 9246
341 1470 1628 1680 1773 1912 4914 5071 5639 5869 6830 7218 8144 8666 8829 9372
342 391 2338 2962 3533 4241 4254 4360 5723 6613 6825 6924 7797 9168
343 976 3601 4590 5325 5945 5978 6273 7356 7599 8031 8267 8338 8644 9677
344 501 2252 3176 3869 4272 4593 4717 5624 6019 6063 8135 9331 9844
345 704 1000 2430 3158 4690 5430 7118 7672 7945 9009
346 229 369 863 3298 4974 5081 5166 5185 6586 6657 7403 7664 8756 8927
347 212 232 1403 4241 4483 4964 4977 5022 6116 6770 7240 7278 7530
348 501 684 1414 1638 1984 2345 2671 3793 4624 6352 6543 7105 8018 8473 8717
349 51 1014 1513 2962 4203 4501 4677 4755 5144 5897 7675 8088 9140 9903
350 1233 2240 2715 3027 4266 4701 4785 4824 7223 7859 8865 9252 9478 9968
351 170 206 2582 3149 5240 5452 5780 6906 7032 7960 9236 9386 9669
352 153 198 1847 3767 4406 4992 5715 7344 8498 9125 9716
353 79 1411 2481 3325 3709 4527 4538 4761 5627 7192 7742 8234 9418
354 831 2167 3291 3841 3877 3913 5353 6329 6680 7022 7285 7948 9924
355 79 323 491 610 1503 2302 2322 2738 3144 7676 7719 7734 8308
356 835 922 1579 3126 3275 3737 4238 4362 6258 6646 7091 8356
357 321 560 860 1002 1580 1631 3413 3866 4584 7019 9197 9303 9335 9833
358 220 491 985 1273 1725 3012 3341 4948 5099 5372 5933 6066 6144 8770 9379
359 673 949 1034 3422 3471 3522 3549 3664 3982 5698 6166 8194 9028 9438
360 1387 1645 1871 2806 4591 4607 4955 5417 5645 6945 8427 8634 8681 8770 8817 8994 9050 9387 9558 9751
361 128 729 853 1326 1752 2144 3083 3553 5647 5662 5794 7631 9099 9942
362 1093 1450 1496 4290 5090 5893 6066 6210 7032 7457 7482
363 969 1091 2391 2974 3489 4314 5999 6914 7220 7710 7827 9433 9587
364 1757 1836 2101 2962 3044 3312 3392 4454 5553 6942 8981 9366 9691 9745
365 109 331 1517 2203 2868 4329 4766 5356 5775 6203 9523 9830
366 325 407 472 497 756 1831 1907 2147 3064 3896 3942 5099 5553 5702 6702 7762 8743 8746
367 321 1410 4020 4970 5084 5119 6382 6896 8643 8892 9792 9990
368 1028 3918 4487 5416 5994 6200 7204 7538 8167 8777 9578
369 1487 1806 1973 2264 3452 3531 4255 5161 5391 6739 9007 9566
370 804 1573 1987 2441 2790 3257 5904 6274 6583 9074 9096 9545 9622
371 321 412 1191 1942 2616 4290 4866 5298 6799 7220 8861 8938 9787
372 321 330 1515 2169 2523 3926 5939 6457 7878 8764 8973 9736 9957
373 590 1408 1953 3872 4013 4193 4677 5756 6605 8159 8387 8740 9598 9651
374 120 1349 2122 2730 2962 3313 3527 3741 5799 5934 8186
375 2 1501 1692 2384 2457 2721 3423 6049 6801 7676 7901
376 827 1047 2288 2948 3046 3232 3383 3827 4242 5040 6197 6290 8743 8980 9938
377 518 1127 1180 1219 2968 3100 3509 4226 5041 7138 7947 7949 8237 9116
378 1708 1785 3599 5974 6124 7187 7545 7773 8329 8850 8914 9283
379 2746 4242 4311 4964 5488 6088 6247 6421 7097 8603 8725
380 413 1342 2083 2701 2765 3894 5135 5414 7980 9541
381 449 1763 2910 3036 3190 3790 4569 4761 4855 5396 5493 6506 6699 7344 8172 8239
382 129 416 1141 3110 3877 4407 5399 5667 6221 6391 6464 6598 7916
383 2 582 955 1720 2887 3095 4304 4821 4866 4982 5386 5637 8236 9436
384 1283 2288 2735 4956 5121 5941 6231 6558 6675 7117 7493 9615
385 1887 2933 4166 4644 6458 7422 7469 7987 8140 8608 8648 9075 9440
386 623 648 879 898 995 1670 3668 4010 4718 5531 5715 6775 7683 8990
387 111 240 734 1630 2158 2240 2394 3125 6914 7883 8297 8338 9309 9383 9401
388 1131 2067 2548 5469 5715 6296 6590 7491 8527 9356
389 529 639 1107 1267 3501 3632 4081 4264 4822 6483 7049 8343 8911 9007 9999
390 1510 2058 3385 3530 4039 4073 4080 6447 7227 7843 8429 8490 8987 9872
391 661 1657 3348 3636 3738 3771 4151 4216 6331 7428 7672 7899 9538
392 416 686 1732 5336 5672 6534 6913 8984 9189
393 3150 3656 3710 3827 4758 4838 5605 6030 6267 6557 7613 7865 9565
394 335 352 3414 3565 4076 4078 4411 5649 7158 8416 9968
395 2 420 2701 3452 4033 4050 4538 4778 5003 6237 6364 7157 9746
396 877 1647 1964 2674 5168 5279 6954 7041 7577 7781 8248 8491 8572 8624 9704
397 220 979 1332 2002 2602 2780 4279 4759 6025 7367 7961 8191 8722 9871
398 109 1125 2525 3894 5462 6165 7495 8078 8291 8757 9631
399 2 2769 3796 3919 4307 4857 6153 6167 8337 8669 9534
400 842 1839 2035 3318 4387 4883 5584 7652 7817 8989 9041 9358
401 660 788 2107 2408 2963 3392 5000 5239 5747 6506 7699 8955 9197
402 908 3349 4456 6604 8112 8127 8134 8509 8615 8950 9181 9549
403 16 1616 1913 2413 2560 3210 4996 6010 8183 8439 9161
404 1207 2114 2273 2610 2614 2864 3505 4028 5751 7141 8615
405 3501 4968 5385 5683 5892 6618 8157 8225 9129 9332 9495 9517
406 379 1078 3181 5948 7268 7327 8416 8499 8528 8762 9372
407 33 100 1814 6035 7283 7550 7623 7968 8583 8675 9450
408 297 321 400 433 1761 2231 2234 4050 5178 5353 8495 8689 9201
409 55 888 1236 2242 3086 3381 3833 4994 5156 5795 6077 6613 8455 9348
410 2 3043 4532 4538 4723 4781 5015 5425 5807 7677 8154 9619
411 847 2256 2787 3031 3547 3772 5030 5715 6140 6691 6706 7228 8035 9147 9545
412 36 285 1638 2211 5170 5179 5252 7153 7190 7522 8043 9109 9898 9955
413 3300 4383 5014 5687 5710 6954 7794 8169 8428 8485 8587 9139 9529
414 611 741 959 1841 3153 4027 5702 5818 6934 7762 8084 9090 9337 9664 9887
415 352 750 1908 2326 3150 3313 3612 4420 5701 6281 6363 7350 7388
416 214 3012 3927 4202 4286 6085 6425 7025 7028 7449 8657 9638
417 79 148 403 1581 2242 2961 4693 4991 5355 5534 6917 7111 9047
418 1861 1927 2327 2537 3192 3354 4437 7028 7066 7115 8434 8569 9357
419 281 1328 1663 1964 2965 3538 3890 3963 4667 5169 5212 5726 6082 6287 8305
420 133 257 745 1077 1151 1731 2314 5770 6532 6815 7068 7207 8418 9132 9295 9323 9618 9767
421 386 1839 2349 3056 3523 3530 3583 4218 4999 8043 8249 9126
422 315 2064 3514 3541 3705 3810 6505 6555 7490 8298 8461 9328
423 133 447 753 1592 1771 1786 2548 4491 6972 8001 8464
424 107 1105 1250 1565 2830 3014 3239 4224 4296 9408
425 213 1399 2202 2326 2561 4061 4367 4542 5762 7164 7961
426 296 362 982 2145 3552 3954 4871 5053 5980 7216 7313 8300 9019
427 21 214 1384 1525 2034 2288 2873 3061 3080 4429 4691 4990 6196 6786 8572 8660
428 278 664 2030 3061 3331 4887 5659 6826 6889 8847 9024 9962
429 101 721 4497 4922 5203 6368 7467 7654 7887 8310 9199
430 187 427 696 3524 3895 4269 6899 7512 9556 9647 9738
431 98 932 1122 1457 2327 3411 4332 7647 8261 9188 9610
432 312 502 1321 1801 1934 5268 5633 6184 6561 6787 7377 7429
433 14 183 660 1147 1966 2117 2502 3092 4052 4504 6925 8118 8817 8973
434 191 1098 1888 1914 3701 5056 6770 7289 7512 7570 8315 9244
435 1307 1481 3447 3845 4335 5537 5647 7581 7730 7732 8907 9546
436 333 408 505 624 673 5415 5757 6327 6472 7220 8669
437 790 1775 2182 2277 2903 3254 5185 5232 5270 6509 7121 7288 7899 8079 8149 8362 9569
438 819 1230 2620 4463 4666 4834 6334 6346 6891 7594 7799 9236 9244
439 451 797 818 2168 4505 5613 6974 7488 9112 9968
440 116 437 888 918 3095 5067 6679 7170 7295 7662 7856 8970 9048 9538
441 2805 2840 4089 5035 5690 5701 6155 6156 6388 8027 8098 9764
442 14 1031 1377 2084 2643 2791 4320 4764 4779 5797 6149 6594 6675 6861 7337 8429 8769
443 1621 1663 1677 1905 2480 2649 3036 3376 5317 7836 8052 8135 8188 9313 9908
444 670 684 2024 2577 3292 3610 3745 4448 4717 6542 6551 8178 8535 8711 9313
445 1533 1618 2121 2458 3143 4258 4537 5436 5894 6278 7663 9014 9592 9657
446 193 965 1517 6455 7236 7250 8720 8762 9026 9830
447 2779 3326 3982 4416 5011 6001 6100 6301 6379 7026 7272 7562 8457 8668
448 17 823 1152 2293 2813 2986 3821 4933 5711 6428 6816 9593
449 1203 1695 2079 2918 3192 4587 5270 5880 6227 7813 9655
450 57 344 794 1094 3017 3313 4585 6086 6163 6170 7744 8764
451 63 234 449 1109 3894 4993 5559 7543 7586 7786 8149 8757
452 1034 1053 1062 2169 2794 3629 3881 3972 3975 5682 7234 7787 8387
453 1 135 1442 1480 3557 4581 6389 7351 8509 8689 9297 9517
454 219 828 897 2169 2557 4736 5615 5748 5969 5986 7246 8522 8723 9265
455 1336 2140 2329 3058 3267 3538 4297 7356 7593 7983 8235 8491 9056 9478 9950
456 819 1465 1642 1979 2788 3815 5601 5843 6607 7686 9402 9611
457 1039 2252 2320 2472 2486 3242 3475 4002 4870 5064 5673 6686 7054 8263 9172
458 352 782 2258 2345 2731 5611 5743 6642 8342 9325 9398 9458 9851
459 425 468 492 754 1106 2105 2553 2555 3493 4234 4469 5473 5515 6482 6773 6963 9137
460 34 935 1255 1458 1546 3297 4271 5327 6048 6727 6986 7624 8620 8918 9087 9676
461 657 893 1466 3531 3851 4936 5748 7613 8996
462 2422 2861 4558 5729 6015 7063 7077 8276 8413 9031 9110 9379
463 2671 3473 4867 4900 6455 7699 8352 8469 8513
464 810 979 2270 2590 2647 2750 4570 4594 5852 9014 9366
465 109 172 412 1060 2713 2739 2785 3306 4168 5316 5970 7083 8162 9330
466 183 2408 2440 3568 4206 4646 5547 5733 6150 7356 7694 8170 9414 9703
467 101 569 2911 3544 4189 4974 5343 5957 8267 8383 8597 9250
468 353 888 2967 3262 3838 3845 5339 5762 6721 7962 8247 8720
469 1657 1853 2802 3782 4102 4538 4632 5654 6188 7006 7508 8801 8887 9129
470 714 2490 2641 3671 4042 5412 5548 5973 6279 7133 7290 9588 9964
471 221 768 1724 3963 4572 4708 5362 6890 7036 7249 8561 9199 9711
472 1822 2499 3573 3759 5211 5226 5282 5615 5646 7319 9129
473 27 2135 2550 2647 3766 3884 5868 6837 7291 7652 8462 8647 8674
474 4638 5388 6488 8682 8819 8938 9189 9326
475 11 1943 4157 4983 5913 6167 6506 7059 8069 8160 8507 9414
476 1276 3222 5295 5308 6781 6828 7235 7321 8772 8821 8881 9692 9711
477 243 253 1043 1342 1496 2663 3044 4353 4589 5905 6991 7915 9098 9533
478 500 1728 2915 4553 5011 6609 7315 7789 8367 9444 9582
479 1085 1364 1802 2951 3931 4183 5902 6970 8420 8526 8987 9655 9784
480 592 1403 2572 3665 3682 4422 7161 7235 7762 8548 9336
481 673 731 803 1366 1848 2247 3362 4304 8095 8242 8574 8975 9351 9646 9704 9996
482 128 949 953 1937 2248 3691 5354 5532 5685 5926 7120 7757
483 364 828 833 873 935 3278 4419 4733 5044 6463 7414 7783 8131 8284 8423
484 984 3041 3317 4325 4806 5147 5278 6727 6894 8618
485 732 2179 2555 2617 2674 3055 4198 4720 5309 6655 7687 7909 9620
486 144 347 1969 1984 2282 3928 3997 4463 5590 8135 8243 9472
487 323 951 2127 2381 5213 6151 6384 7340 8185 8382
488 580 1567 2284 2744 3830 3974 4426 6031 6679 7155
489 1262 3027 3739 4477 4537 4618 4900 4920 5685 6029 8195
490 201 1303 2366 2702 3877 4614 5034 5347 5752 6636 7849 9057 9774
491 2190 2278 3083 5516 5848 7608 7947 8084 8185 8452 8614 8949 9399
492 970 2395 2467 3097 3316 3931 6015 6521 6921 7454 7842 8536 8683
493 774 2865 4304 4327 4489 5109 5256 5665 5857 6162 7138 7845 8359 8524
494 268 342 812 1337 3570 4544 5391 5981 6068 6281 8043 8125 8277 8771
495 254 1507 1700 1723 2843 3194 3984 4928 5658 5730 6919
496 76 451 2274 2570 3074 3349 4496 4700 6602 6860 7651 7841 8640
497 549 670 1123 1619 2019 2302 2897 2941 5412 7451 8836 9021 9389 9426 9786
498 318 2771 2819 3122 4433 4749 5426 5880 6866 7015 8438 8507
499 506 539 1685 1774 2650 3194 3380 4110 4650 4948 5409 5553 8162 8796
