100
0 0 1 2 3 4 5 6 7 11 18 25 34 49 104 138 155 176 180 186 251 281 505 709 1368 3053 4040 4227 6045 6614 6779 8949
1 0 1 2 3 4 5 6 8 9 11 12 13 15 17 18 19 21 22 23 62 100 114 136 161 171 187 236 243 251 724 1428 1434 2052 2135 2218 2262 3038 8512 8629
2 0 1 2 3 7 8 10 11 14 16 20 21 25 28 53 63 69 82 83 116 136 268 372 456 619 1595 1706 2062 2458 2683 2883 3756 3975 4859 5276 5724 9566
3 0 1 2 3 4 5 7 8 14 20 21 24 25 30 40 41 50 68 71 73 121 141 364 399 475 549 585 715 1054 2360 3676 4630 8444 8948
4 0 1 2 3 4 5 7 14 15 18 19 21 25 27 28 36 38 39 68 129 138 157 229 375 511 519 779 891 1502 1623 1843 1863 1956 2132 2195 2706 2818 3689 7687
5 0 1 2 3 4 5 7 8 9 13 14 15 16 19 21 23 27 37 41 75 97 116 117 138 155 168 199 303 362 599 708 933 1209 1756 1966 2478 2498 3110 3881 4552 5197 5863 7497 7624 8044
6 0 1 3 4 5 8 13 15 18 20 37 41 50 75 98 105 147 165 169 170 257 356 590 768 906 1073 1334 1456 2078 2696 6166
7 0 1 2 4 6 7 8 11 15 21 30 31 38 41 50 51 66 74 118 119 167 170 303 331 355 380 398 485 807 848 948 1296 1310 1315 1590 3548 4752 4848 5222 5429 6031
8 0 1 2 3 4 8 9 11 12 17 19 20 23 25 29 32 37 47 57 60 63 71 119 160 240 286 411 468 601 815 984 1225 1290 1345 2148 2769 2960 3266 5812
9 0 1 2 3 6 7 9 15 19 20 52 55 88 95 99 101 122 123 138 174 187 219 232 293 297 656 676 938 951 1756 2652 2973 5641 6234 6729 9442
10 0 1 2 3 4 5 7 8 12 15 19 27 28 37 38 41 44 56 65 93 94 103 119 129 131 152 176 200 652 662 715 1079 1361 3252 3430 4386 5170
11 0 1 2 3 4 5 6 9 11 12 15 23 46 49 51 60 67 91 138 248 287 378 755 797 1353 1572 2195 2473 2591 5797
12 0 1 2 3 4 6 7 8 9 13 21 25 26 56 94 99 118 169 189 204 322 546 632 701 750 796 1251 2128 3813 5381 7593
13 0 1 2 3 4 5 6 7 11 17 19 26 28 33 35 39 50 53 55 107 126 129 138 152 233 1042 1152 1156 1438 1482 1948 1959 1967 2264 2579 3324 3700 5834
14 0 1 2 3 4 5 6 7 9 10 11 15 17 24 45 50 73 87 130 138 151 176 246 332 1021 1100 1576 1959 1985 2153 2955 2983 3500 4362 4371 6604 6662
15 0 1 2 3 4 5 8 12 17 19 21 24 26 29 38 42 45 47 68 92 100 117 169 672 796 869 1263 1503 1583 1591 3915 5778 6025 7777
16 0 1 2 3 4 6 8 11 12 20 21 25 27 36 63 76 118 185 195 456 481 621 706 816 1027 1097 1207 1748 2096 2385 3950 7367
17 0 1 2 3 5 7 8 10 11 14 19 20 21 23 34 42 67 94 96 186 285 346 435 454 665 759 797 1710 3274 3900 4278 5893 6049 7818
18 0 1 2 3 4 5 6 7 9 12 13 14 19 22 32 130 192 207 245 301 355 393 421 439 506 595 678 708 790 878 879 979 1082 1395 1481 1973 2688 2990 7182
19 0 1 3 4 5 6 7 9 12 16 19 20 22 31 73 91 188 231 358 419 539 602 940 980 1011 1737 2233 2264 2444 3244 3699 3790 5294 5926 6697 7387 8488
20 0 1 2 3 4 6 8 11 15 17 19 20 26 35 39 49 62 105 107 148 158 206 210 247 406 583 676 712 1005 1039 1290 1481 2153 2979 5154 5526 9562 9798
21 0 1 2 3 5 6 7 9 11 12 14 15 17 18 20 24 25 35 44 45 46 77 276 375 422 554 885 1105 1677 1686 2664 2848 3684 4477
22 0 1 2 3 4 5 6 7 11 22 24 28 40 47 49 66 89 96 157 168 173 205 230 442 458 462 584 822 933 1290 2045 2848 3244 6731
23 0 1 2 3 4 6 7 13 15 16 17 26 31 34 42 44 57 69 107 112 131 156 193 226 253 278 279 462 509 671 1078 2060 3923 4211 5999 6661
24 0 1 2 3 4 5 7 8 9 11 16 18 19 22 23 32 34 35 44 50 62 108 112 138 179 391 632 799 1591 1697 1913 2051 2264 2282 2431 3796 5566 6348 8114 8702
25 0 1 2 3 4 5 6 8 9 10 12 13 14 21 22 27 36 69 74 109 127 138 176 226 249 342 409 463 757 807 1293 1490 1610 1859 2546 3262 9677
26 0 1 2 3 4 5 6 8 11 12 14 18 20 25 38 39 84 111 120 180 194 246 313 324 327 332 356 2094 2098 2591 2859 3828 6094
27 0 1 2 3 6 8 10 12 16 21 24 29 37 42 53 105 118 155 212 283 295 487 513 574 767 1137 1754 2014 2060 4152 9085 9262
28 0 1 2 3 4 5 7 8 9 15 17 18 29 37 44 51 55 67 83 105 121 148 161 225 272 301 309 402 554 645 830 861 900 1150 1663 1865 2882 3458 4364 5921
29 0 1 2 3 4 5 6 7 8 9 19 35 36 37 41 42 57 59 67 84 102 190 197 255 270 350 424 450 506 517 554 887 984 1389 1709 2684 3158 5020 5661
30 0 1 2 3 4 12 13 16 19 21 22 36 40 58 64 142 148 155 184 234 258 264 275 418 435 517 612 625 659 708 992 1210 1332 1401 2522 3502 8365 9295
31 0 1 2 3 4 5 6 7 13 15 17 22 24 34 40 42 54 83 98 114 172 209 217 255 264 399 799 903 975 1000 1310 1958 3097
32 0 1 2 3 4 5 6 7 8 10 11 12 13 14 15 16 22 23 43 52 63 91 105 135 138 180 232 268 332 410 655 709 842 960 1506 1741 7971
33 0 1 2 3 4 5 8 9 10 11 13 14 15 18 19 20 21 28 30 32 60 88 91 128 179 236 347 509 961 1216 1414 2848 3097 3119 3563 4120 5167 7373
34 0 1 2 3 6 7 10 15 16 18 19 51 54 57 62 69 106 322 363 371 395 412 514 587 594 776 817 866 1089 1233 1290 1372 1737 3140 4659 6130 6755
35 0 1 2 3 4 8 11 14 19 23 24 28 29 35 42 51 64 88 108 118 123 138 235 272 297 419 646 1752 1959 3236 6137 7718 7970 8973 9957
36 0 1 2 3 5 9 19 21 24 27 36 39 63 67 71 92 99 278 280 328 406 469 561 597 714 1027 1127 1388 3730 4051 5361 5526 6137
37 0 1 2 3 4 5 8 10 12 17 18 19 24 38 50 54 58 114 137 154 198 340 1446 1811 1921 2096 2147 2430 2469 3097 3222 4096 5084 5597 6523 7791
38 0 1 2 3 4 7 8 9 14 15 17 22 31 38 41 97 99 125 130 142 179 248 304 401 546 549 698 971 1065 1123 1671 1841 2738 3097 5165
39 0 1 2 3 4 5 6 7 9 10 11 12 13 14 17 26 34 39 48 51 60 129 168 213 533 546 554 731 747 3751 3983 4768 5634
40 0 1 2 3 4 6 9 12 13 21 24 25 27 42 95 147 176 182 216 248 510 527 539 928 1017 1053 1310 1571 2475 3400 3488 3849 5731 7055
41 0 1 2 4 5 6 7 13 24 28 34 39 51 54 75 121 181 1044 1837 2014 3017 3784 4241 4618 4858 5688 5801 7591
42 0 1 2 3 4 7 12 15 18 20 23 27 29 33 36 44 82 86 88 137 214 218 250 280 284 331 490 516 561 655 669 908 935 1058 1263 7347 7606 9519
43 0 1 2 4 5 6 7 8 9 11 12 14 18 21 26 30 48 51 54 70 72 76 79 103 138 158 234 347 399 465 477 1077 1384 1758 1967 3164 3358 7797
44 0 1 2 3 5 7 9 10 20 25 31 43 56 58 72 77 112 117 135 138 164 197 202 214 256 332 498 1051 1263 1610 2091 2575 2951 4089 5014 6044
45 0 1 2 3 4 5 6 11 12 14 15 16 22 23 33 34 83 85 130 156 218 258 544 557 1140 2433 2968 6424 6785 8103
46 0 1 2 3 4 5 6 9 12 13 15 19 22 42 48 55 60 84 111 112 114 142 164 327 407 443 473 651 663 968 1502 1671 2477 2665 3003 4148 4370 5275 8088 9517
47 0 1 2 3 4 5 6 8 9 45 50 54 59 76 91 116 118 131 144 147 173 200 503 859 941 1582 2052 3056 3975 8401 9493
48 0 1 2 3 4 5 6 7 8 11 19 25 27 28 33 35 55 74 79 96 103 124 176 218 248 300 366 389 1260 1371 2825 2863 2920 3692 4247 4821 5728 8616
49 0 1 2 3 7 8 10 11 23 25 27 28 29 44 52 55 69 137 186 259 316 344 471 476 483 529 836 1074 1671 1909 2239 3097 4164 4613 5221 6012
50 0 1 2 3 4 5 8 10 12 18 19 21 24 27 28 30 32 34 42 44 45 53 54 88 155 176 204 233 268 333 885 926 1080 1269 2542 3244 3949 4347 5490
51 0 1 2 4 6 7 9 13 14 17 21 22 23 24 27 28 33 45 63 78 159 200 213 288 334 508 597 725 788 966 1728 1989 2410 2420 2818 4606 4705 8783 9234 9365
52 0 1 2 3 4 5 8 9 11 16 18 21 23 27 29 32 47 143 225 229 239 310 365 384 753 1601 1954 2190 2327 3761 4025 5625 6001 6514
53 0 1 2 3 4 8 10 11 12 23 24 25 26 43 61 72 91 136 477 502 505 633 760 946 1509 1571 2611
54 0 1 2 3 4 5 6 9 11 17 22 29 36 143 153 158 176 180 182 268 360 391 404 437 448 723 1099 1461 2212 4247 6438 9357
55 0 1 2 3 4 6 7 8 11 14 16 21 31 33 38 43 55 59 77 88 121 138 318 321 337 374 619 932 1008 1334 2329 2576 4299 7590
56 0 1 2 4 5 6 7 8 12 19 20 25 44 56 58 90 91 156 186 229 256 276 417 719 1075 1502 1579 2451 2751 4452 6630 9742 9843
57 0 1 2 3 4 5 7 10 12 24 38 44 117 139 214 351 422 442 553 742 890 1442 1511 1815 2759 2791 3293 6205 7287 8518 8586 9678
58 0 1 2 3 4 9 15 24 35 55 70 89 99 101 134 148 264 437 550 708 1378 1866 1902 2619 2986 3768 4104 4133 4474 4685 5850 8076
59 0 1 2 4 5 9 11 21 22 31 35 39 64 65 75 93 111 125 167 203 225 323 725 769 1011 1412 1429 1728 2187 3843 5333 6238 6408 8601
60 0 1 2 3 4 5 6 7 8 9 13 14 19 25 28 31 38 40 52 56 59 69 73 90 121 176 216 217 412 475 1449 2024 2065 3559 3923
61 0 1 2 3 4 5 10 12 19 27 31 35 41 53 55 116 118 176 179 215 248 254 321 365 1165 1626 1737 2147 2795 2961
62 0 1 2 3 4 7 9 10 13 15 22 37 76 80 83 90 95 100 120 156 178 205 211 245 259 277 359 363 497 1027 2076 2423 3879 6847 7117 7195 7481
63 0 1 2 3 4 5 6 8 13 20 21 26 27 30 101 138 143 205 323 470 506 581 853 1288 4032 4361 7924 9607 9906
64 0 1 2 3 4 5 8 9 10 25 26 33 37 40 46 61 70 82 98 114 117 159 302 309 371 475 664 1495 1566 1889 1894 5689 6126 6820 9359
65 0 1 2 3 4 5 11 15 20 21 24 26 60 62 66 86 97 106 147 222 319 392 482 514 862 1679 2413 3175 3946 7122 8428
66 0 1 2 3 4 5 6 7 10 11 12 13 17 32 34 49 70 122 155 218 275 325 429 567 1271 1402 1828 1951 2568 5120
67 0 1 2 3 4 7 10 15 17 22 29 45 46 55 126 129 152 257 308 323 488 589 818 1377 1495 1635 1671 2460 2894 3769 5196
68 0 1 2 3 4 5 6 8 9 10 11 12 15 17 18 37 54 56 57 70 106 246 296 309 377 752 772 1351 1803 1876 2524 2904 5539 6698 7986
69 0 1 2 3 4 5 6 8 9 10 11 17 28 33 47 57 58 62 63 73 109 141 245 276 358 388 427 762 977 1119 1279 1482 1499 1593 1883 3561 6165 8180
70 0 1 2 3 4 5 7 9 16 18 19 49 50 64 104 135 138 197 213 221 227 231 298 545 916 1932 2415 2456 2634 2780 7473 7672 8672
71 0 1 2 3 5 6 8 12 13 27 28 31 57 66 72 77 83 86 97 106 253 419 507 968 1314 1362 2191 2805 3349 3659 5803 6064 6329
72 0 1 2 3 4 5 6 8 10 11 12 14 15 17 19 41 55 73 74 93 121 132 187 210 265 328 653 708 1296 1333 1866 1993 2507 3317 4630 4838 6035
73 0 1 2 3 5 6 8 10 11 15 16 17 23 37 41 46 57 65 71 99 109 115 120 137 197 224 252 380 382 609 1232 3528 4680 5479 9547
74 0 1 2 3 4 6 8 10 12 15 16 22 37 41 51 117 121 126 134 145 170 196 708 715 914 1026 1754 1979 2048 2156 2967 5792 6097 6450 6696 8875 8938 9471
75 0 1 2 3 4 5 6 8 10 12 15 25 27 29 31 38 42 69 78 92 119 122 182 304 562 945 1062 1257 2067 5519 6284
76 0 1 2 3 5 6 8 10 11 16 17 22 27 34 35 39 43 45 47 48 103 108 128 129 155 245 305 455 556 867 869 900 2060 3228 3279 6288 8095
77 0 2 3 4 7 9 10 11 12 18 19 21 28 33 68 75 81 134 161 173 197 207 244 273 433 499 554 651 1130 1593 1888 2657 4138 5350 8733
78 0 1 2 3 4 5 6 7 9 10 12 13 17 83 190 218 247 633 635 680 1406 1452 2202 3989 4162 5604 6480 7815
79 0 2 3 4 5 7 10 11 13 21 23 33 77 79 96 98 218 227 238 351 485 500 1121 1318 1340 1757 1896 2051 2221 2987 6402 9041
80 0 1 2 3 4 5 7 8 9 11 14 19 33 44 54 81 91 106 137 205 266 323 362 444 448 688 762 1824 1991 2609 3244 3661 7559
81 0 1 2 3 4 6 7 9 10 11 19 21 28 30 32 60 117 133 138 161 189 222 282 338 420 493 697 757 978 980 1627 1783 1788 2360 4271
82 0 1 2 3 4 5 6 7 9 10 12 14 16 24 29 36 44 61 62 63 67 163 170 247 288 314 431 1077 1610 1963 2282 3943 4325 8427 9360 9584
83 0 1 2 3 4 5 7 9 10 12 13 14 15 19 20 26 27 29 31 34 57 69 85 129 160 183 192 253 257 562 637 908 1628 3654
84 0 1 2 3 4 5 8 10 12 16 19 24 25 26 29 31 32 69 124 126 127 159 455 487 968 1147 1572 1620 4761 4995 6354 8044
85 0 1 3 4 5 9 19 21 24 30 31 43 48 53 65 67 68 114 115 138 176 201 226 338 758 912 1393 2052 2562 4102 4240 5605
86 0 1 2 3 4 5 6 7 8 11 13 16 23 27 28 30 44 60 72 75 87 112 156 178 199 206 257 267 281 538 669 726 837 968 1958 2019 2527 3137 3354 3526 4971 6087
87 0 1 2 3 6 9 12 14 18 24 26 30 82 91 97 110 152 177 242 293 425 451 949 1009 1725 2334 2482 2498 2594 2841 3110 3160 4048 6052
88 0 1 2 3 4 7 8 9 16 19 45 50 51 54 57 64 68 113 161 167 173 194 199 528 559 700 715 766 1627 3044 5546 7181 9593
89 0 1 2 3 4 5 7 11 13 15 16 19 152 169 260 277 378 436 498 636 682 977 997 1201 1459 1861 3774 3894 4048 4618 4793 8244 8579
90 0 1 2 3 4 5 7 8 10 14 15 17 19 23 28 34 49 89 96 114 128 212 229 310 519 595 763 953 969 1150 1363 1504 1729 2516 4171 8450
91 0 1 2 3 4 5 6 7 8 11 12 13 30 33 34 37 40 48 49 83 103 151 202 210 228 355 414 534 654 739 817 970 1746 6005 6018
92 0 1 2 3 4 5 6 9 10 11 14 17 25 31 34 91 123 166 186 279 281 677 1122 2340 2978 3511 4589 5136 5246 5469 7013
93 0 1 2 3 4 5 6 7 11 12 13 16 21 23 32 41 50 58 95 138 174 244 457 513 606 611 750 859 947 1087 1407 1506 3648 4482
94 0 1 2 3 6 7 8 9 10 13 15 19 21 23 29 31 37 44 60 96 102 132 178 414 488 576 653 791 1142 1917 2254 2402 4657 5909 7956 8766
95 0 1 2 3 4 5 7 12 14 17 19 20 24 25 37 43 57 71 82 120 136 138 144 155 212 217 335 963 1073 1515 2436 3420 5774 6147 6913
96 0 1 2 3 4 5 6 7 9 10 15 17 21 26 34 36 44 110 127 131 196 231 296 309 358 541 628 780 793 1272 1506 1721 2291 2477 4632 4914
97 0 1 2 3 4 6 7 8 9 11 14 15 22 25 26 27 38 51 54 127 132 173 209 210 278 308 404 601 659 803 957 2745 4301 6102 6226 6831 9203
98 0 1 2 5 8 9 13 17 23 26 27 40 42 43 46 52 56 106 157 175 179 205 236 410 556 1263 1487 1636 1658 3097 5645 5748 6201 6400
99 0 1 2 3 4 5 7 8 9 11 12 15 18 19 28 33 41 44 60 67 69 97 100 113 138 161 178 199 286 310 409 549 637 953 1541 1648 1702 1889 2163 3767 5160
